TN:
SF:/workspaces/AI-unit-test-with-openAI/calculator.c
FN:6,8,add
FNDA:6,add
FNF:1
FNH:1
DA:6,6
DA:7,6
LF:2
LH:2
end_of_record
TN:
SF:/workspaces/AI-unit-test-with-openAI/test_calculator.c
FN:13,19,main
FN:5,7,test_add_positive
FN:9,11,test_add_negative
FNDA:3,main
FNDA:3,test_add_positive
FNDA:3,test_add_negative
FNF:3
FNH:3
DA:5,3
DA:6,3
DA:7,3
DA:9,3
DA:10,3
DA:11,3
DA:13,3
DA:14,3
DA:15,3
DA:16,3
DA:17,3
DA:18,3
LF:12
LH:12
end_of_record
TN:
SF:/workspaces/AI-unit-test-with-openAI/unity/unity.c
FN:13,18,UnityEnd
FN:20,26,UnityAssertEqualNumber
FN:7,11,UnityBegin
FNDA:3,UnityEnd
FNDA:6,UnityAssertEqualNumber
FNDA:3,UnityBegin
FNF:3
FNH:3
DA:7,3
DA:8,3
DA:9,3
DA:10,3
DA:11,3
DA:13,3
DA:14,3
DA:15,3
DA:16,3
DA:18,3
DA:20,6
DA:21,6
DA:22,6
DA:23,0
DA:24,0
DA:26,6
LF:16
LH:14
end_of_record
